{"total": {"lines":{"total":1070,"covered":431,"skipped":0,"pct":40.28},"statements":{"total":1411,"covered":557,"skipped":0,"pct":39.47},"functions":{"total":219,"covered":66,"skipped":0,"pct":30.13},"branches":{"total":1016,"covered":418,"skipped":0,"pct":41.14},"branchesTrue":{"total":0,"covered":0,"skipped":0,"pct":100}}
,"/Users/jhonnyrobert/Documents/PROJETOS_IA/To-Statos-Free/Gestao_De_Metricas_QA/src/modules/releases/services/releaseExport.ts": {"lines":{"total":14,"covered":0,"skipped":0,"pct":0},"functions":{"total":2,"covered":0,"skipped":0,"pct":0},"statements":{"total":17,"covered":0,"skipped":0,"pct":0},"branches":{"total":6,"covered":0,"skipped":0,"pct":0}}
,"/Users/jhonnyrobert/Documents/PROJETOS_IA/To-Statos-Free/Gestao_De_Metricas_QA/src/modules/releases/services/releaseMetrics.ts": {"lines":{"total":61,"covered":61,"skipped":0,"pct":100},"functions":{"total":9,"covered":9,"skipped":0,"pct":100},"statements":{"total":71,"covered":71,"skipped":0,"pct":100},"branches":{"total":46,"covered":44,"skipped":0,"pct":95.65}}
,"/Users/jhonnyrobert/Documents/PROJETOS_IA/To-Statos-Free/Gestao_De_Metricas_QA/src/modules/releases/services/releasePersistence.ts": {"lines":{"total":122,"covered":0,"skipped":0,"pct":0},"functions":{"total":24,"covered":0,"skipped":0,"pct":0},"statements":{"total":176,"covered":0,"skipped":0,"pct":0},"branches":{"total":132,"covered":0,"skipped":0,"pct":0}}
,"/Users/jhonnyrobert/Documents/PROJETOS_IA/To-Statos-Free/Gestao_De_Metricas_QA/src/modules/sprints/services/compareService.ts": {"lines":{"total":54,"covered":44,"skipped":0,"pct":81.48},"functions":{"total":16,"covered":13,"skipped":0,"pct":81.25},"statements":{"total":73,"covered":59,"skipped":0,"pct":80.82},"branches":{"total":65,"covered":51,"skipped":0,"pct":78.46}}
,"/Users/jhonnyrobert/Documents/PROJETOS_IA/To-Statos-Free/Gestao_De_Metricas_QA/src/modules/sprints/services/exportService.ts": {"lines":{"total":83,"covered":0,"skipped":0,"pct":0},"functions":{"total":19,"covered":0,"skipped":0,"pct":0},"statements":{"total":107,"covered":0,"skipped":0,"pct":0},"branches":{"total":34,"covered":0,"skipped":0,"pct":0}}
,"/Users/jhonnyrobert/Documents/PROJETOS_IA/To-Statos-Free/Gestao_De_Metricas_QA/src/modules/sprints/services/importService.ts": {"lines":{"total":88,"covered":88,"skipped":0,"pct":100},"functions":{"total":17,"covered":17,"skipped":0,"pct":100},"statements":{"total":116,"covered":116,"skipped":0,"pct":100},"branches":{"total":78,"covered":71,"skipped":0,"pct":91.02}}
,"/Users/jhonnyrobert/Documents/PROJETOS_IA/To-Statos-Free/Gestao_De_Metricas_QA/src/modules/sprints/services/persistence.ts": {"lines":{"total":234,"covered":122,"skipped":0,"pct":52.13},"functions":{"total":39,"covered":12,"skipped":0,"pct":30.76},"statements":{"total":316,"covered":170,"skipped":0,"pct":53.79},"branches":{"total":285,"covered":154,"skipped":0,"pct":54.03}}
,"/Users/jhonnyrobert/Documents/PROJETOS_IA/To-Statos-Free/Gestao_De_Metricas_QA/src/modules/squads/services/squadsService.ts": {"lines":{"total":111,"covered":0,"skipped":0,"pct":0},"functions":{"total":35,"covered":0,"skipped":0,"pct":0},"statements":{"total":145,"covered":0,"skipped":0,"pct":0},"branches":{"total":105,"covered":0,"skipped":0,"pct":0}}
,"/Users/jhonnyrobert/Documents/PROJETOS_IA/To-Statos-Free/Gestao_De_Metricas_QA/src/modules/status-report/services/dateEngine.ts": {"lines":{"total":59,"covered":56,"skipped":0,"pct":94.91},"functions":{"total":5,"covered":5,"skipped":0,"pct":100},"statements":{"total":61,"covered":58,"skipped":0,"pct":95.08},"branches":{"total":33,"covered":31,"skipped":0,"pct":93.93}}
,"/Users/jhonnyrobert/Documents/PROJETOS_IA/To-Statos-Free/Gestao_De_Metricas_QA/src/modules/status-report/services/offAlertEngine.ts": {"lines":{"total":27,"covered":27,"skipped":0,"pct":100},"functions":{"total":7,"covered":7,"skipped":0,"pct":100},"statements":{"total":30,"covered":30,"skipped":0,"pct":100},"branches":{"total":20,"covered":20,"skipped":0,"pct":100}}
,"/Users/jhonnyrobert/Documents/PROJETOS_IA/To-Statos-Free/Gestao_De_Metricas_QA/src/modules/status-report/services/squadConfigPersistence.ts": {"lines":{"total":54,"covered":0,"skipped":0,"pct":0},"functions":{"total":13,"covered":0,"skipped":0,"pct":0},"statements":{"total":78,"covered":0,"skipped":0,"pct":0},"branches":{"total":60,"covered":0,"skipped":0,"pct":0}}
,"/Users/jhonnyrobert/Documents/PROJETOS_IA/To-Statos-Free/Gestao_De_Metricas_QA/src/modules/status-report/services/statusReportExport.ts": {"lines":{"total":14,"covered":0,"skipped":0,"pct":0},"functions":{"total":2,"covered":0,"skipped":0,"pct":0},"statements":{"total":17,"covered":0,"skipped":0,"pct":0},"branches":{"total":6,"covered":0,"skipped":0,"pct":0}}
,"/Users/jhonnyrobert/Documents/PROJETOS_IA/To-Statos-Free/Gestao_De_Metricas_QA/src/modules/status-report/services/statusReportPersistence.ts": {"lines":{"total":149,"covered":33,"skipped":0,"pct":22.14},"functions":{"total":31,"covered":3,"skipped":0,"pct":9.67},"statements":{"total":204,"covered":53,"skipped":0,"pct":25.98},"branches":{"total":146,"covered":47,"skipped":0,"pct":32.19}}
}
